This is pdfTeX, Version 3.14159265-2.6-1.40.17 (TeX Live 2016) (preloaded format=pdflatex 2016.5.22)  10 MAR 2017 22:25
entering extended mode
 restricted \write18 enabled.
 %&-line parsing enabled.
**Math4MB3Assignment4KnitRTemplate2017.tex
(./Math4MB3Assignment4KnitRTemplate2017.tex
LaTeX2e <2016/03/31>
Babel <3.9r> and hyphenation patterns for 83 language(s) loaded.
(/usr/local/texlive/2016/texmf-dist/tex/latex/base/article.cls
Document Class: article 2014/09/29 v1.4h Standard LaTeX document class
(/usr/local/texlive/2016/texmf-dist/tex/latex/base/size12.clo
File: size12.clo 2014/09/29 v1.4h Standard LaTeX file (size option)
)
\c@part=\count79
\c@section=\count80
\c@subsection=\count81
\c@subsubsection=\count82
\c@paragraph=\count83
\c@subparagraph=\count84
\c@figure=\count85
\c@table=\count86
\abovecaptionskip=\skip41
\belowcaptionskip=\skip42
\bibindent=\dimen102
)
(/usr/local/texlive/2016/texmf-dist/tex/latex/graphics/graphicx.sty
Package: graphicx 2014/10/28 v1.0g Enhanced LaTeX Graphics (DPC,SPQR)

(/usr/local/texlive/2016/texmf-dist/tex/latex/graphics/keyval.sty
Package: keyval 2014/10/28 v1.15 key=value parser (DPC)
\KV@toks@=\toks14
)
(/usr/local/texlive/2016/texmf-dist/tex/latex/graphics/graphics.sty
Package: graphics 2016/05/09 v1.0r Standard LaTeX Graphics (DPC,SPQR)

(/usr/local/texlive/2016/texmf-dist/tex/latex/graphics/trig.sty
Package: trig 2016/01/03 v1.10 sin cos tan (DPC)
)
(/usr/local/texlive/2016/texmf-dist/tex/latex/graphics-cfg/graphics.cfg
File: graphics.cfg 2016/01/02 v1.10 sample graphics configuration
)
Package graphics Info: Driver file: pdftex.def on input line 96.

(/usr/local/texlive/2016/texmf-dist/tex/latex/pdftex-def/pdftex.def
File: pdftex.def 2011/05/27 v0.06d Graphics/color for pdfTeX

(/usr/local/texlive/2016/texmf-dist/tex/generic/oberdiek/infwarerr.sty
Package: infwarerr 2016/05/16 v1.4 Providing info/warning/error messages (HO)
)
(/usr/local/texlive/2016/texmf-dist/tex/generic/oberdiek/ltxcmds.sty
Package: ltxcmds 2016/05/16 v1.23 LaTeX kernel commands for general use (HO)
)
\Gread@gobject=\count87
))
\Gin@req@height=\dimen103
\Gin@req@width=\dimen104
)
(/usr/local/texlive/2016/texmf-dist/tex/latex/graphics/color.sty
Package: color 2016/05/09 v1.1c Standard LaTeX Color (DPC)

(/usr/local/texlive/2016/texmf-dist/tex/latex/graphics-cfg/color.cfg
File: color.cfg 2016/01/02 v1.6 sample color configuration
)
Package color Info: Driver file: pdftex.def on input line 144.
)
(/usr/local/texlive/2016/texmf-dist/tex/latex/framed/framed.sty
Package: framed 2011/10/22 v 0.96: framed or shaded text with page breaks
\OuterFrameSep=\skip43
\fb@frw=\dimen105
\fb@frh=\dimen106
\FrameRule=\dimen107
\FrameSep=\dimen108
)
(/usr/local/texlive/2016/texmf-dist/tex/latex/base/alltt.sty
Package: alltt 1997/06/16 v2.0g defines alltt environment
)
(./4mbapreamble.tex
(/usr/local/texlive/2016/texmf-dist/tex/latex/koma-script/scrtime.sty
Package: scrtime 2016/05/10 v3.20 KOMA-Script package (time of LaTeX run)

(/usr/local/texlive/2016/texmf-dist/tex/latex/koma-script/scrkbase.sty
Package: scrkbase 2016/05/10 v3.20 KOMA-Script package (KOMA-Script-dependent b
asics and keyval usage)

(/usr/local/texlive/2016/texmf-dist/tex/latex/koma-script/scrbase.sty
Package: scrbase 2016/05/10 v3.20 KOMA-Script package (KOMA-Script-independent 
basics and keyval usage)

(/usr/local/texlive/2016/texmf-dist/tex/latex/koma-script/scrlfile.sty
Package: scrlfile 2016/05/10 v3.20 KOMA-Script package (loading files)

Package scrlfile, 2016/05/10 v3.20 KOMA-Script package (loading files)
                  Copyright (C) Markus Kohm

)))) (/usr/local/texlive/2016/texmf-dist/tex/latex/amsmath/amsmath.sty
Package: amsmath 2016/03/10 v2.15b AMS math features
\@mathmargin=\skip44

For additional information on amsmath, use the `?' option.
(/usr/local/texlive/2016/texmf-dist/tex/latex/amsmath/amstext.sty
Package: amstext 2000/06/29 v2.01 AMS text

(/usr/local/texlive/2016/texmf-dist/tex/latex/amsmath/amsgen.sty
File: amsgen.sty 1999/11/30 v2.0 generic functions
\@emptytoks=\toks15
\ex@=\dimen109
))
(/usr/local/texlive/2016/texmf-dist/tex/latex/amsmath/amsbsy.sty
Package: amsbsy 1999/11/29 v1.2d Bold Symbols
\pmbraise@=\dimen110
)
(/usr/local/texlive/2016/texmf-dist/tex/latex/amsmath/amsopn.sty
Package: amsopn 2016/03/08 v2.02 operator names
)
\inf@bad=\count88
LaTeX Info: Redefining \frac on input line 199.
\uproot@=\count89
\leftroot@=\count90
LaTeX Info: Redefining \overline on input line 297.
\classnum@=\count91
\DOTSCASE@=\count92
LaTeX Info: Redefining \ldots on input line 394.
LaTeX Info: Redefining \dots on input line 397.
LaTeX Info: Redefining \cdots on input line 518.
\Mathstrutbox@=\box26
\strutbox@=\box27
\big@size=\dimen111
LaTeX Font Info:    Redeclaring font encoding OML on input line 634.
LaTeX Font Info:    Redeclaring font encoding OMS on input line 635.
\macc@depth=\count93
\c@MaxMatrixCols=\count94
\dotsspace@=\muskip10
\c@parentequation=\count95
\dspbrk@lvl=\count96
\tag@help=\toks16
\row@=\count97
\column@=\count98
\maxfields@=\count99
\andhelp@=\toks17
\eqnshift@=\dimen112
\alignsep@=\dimen113
\tagshift@=\dimen114
\tagwidth@=\dimen115
\totwidth@=\dimen116
\lineht@=\dimen117
\@envbody=\toks18
\multlinegap=\skip45
\multlinetaggap=\skip46
\mathdisplay@stack=\toks19
LaTeX Info: Redefining \[ on input line 2739.
LaTeX Info: Redefining \] on input line 2740.
)
(/usr/local/texlive/2016/texmf-dist/tex/latex/amscls/amsthm.sty
Package: amsthm 2015/03/04 v2.20.2
\thm@style=\toks20
\thm@bodyfont=\toks21
\thm@headfont=\toks22
\thm@notefont=\toks23
\thm@headpunct=\toks24
\thm@preskip=\skip47
\thm@postskip=\skip48
\thm@headsep=\skip49
\dth@everypar=\toks25
)
(/usr/local/texlive/2016/texmf-dist/tex/latex/amsfonts/amsfonts.sty
Package: amsfonts 2013/01/14 v3.01 Basic AMSFonts support
\symAMSa=\mathgroup4
\symAMSb=\mathgroup5
LaTeX Font Info:    Overwriting math alphabet `\mathfrak' in version `bold'
(Font)                  U/euf/m/n --> U/euf/b/n on input line 106.
)
(/usr/local/texlive/2016/texmf-dist/tex/latex/multirow/multirow.sty
\bigstrutjot=\dimen118
)
(/usr/local/texlive/2016/texmf-dist/tex/latex/wasysym/wasysym.sty
Package: wasysym 2003/10/30 v2.0 Wasy-2 symbol support package
\symwasy=\mathgroup6
LaTeX Font Info:    Overwriting symbol font `wasy' in version `bold'
(Font)                  U/wasy/m/n --> U/wasy/b/n on input line 90.
)
(/usr/local/texlive/2016/texmf-dist/tex/latex/tools/enumerate.sty
Package: enumerate 2015/07/23 v3.00 enumerate extensions (DPC)
\@enLab=\toks26
)
(/usr/local/texlive/2016/texmf-dist/tex/latex/amsfonts/amssymb.sty
Package: amssymb 2013/01/14 v3.01 AMS font symbols
)
(/usr/local/texlive/2016/texmf-dist/tex/latex/base/latexsym.sty
Package: latexsym 1998/08/17 v2.2e Standard LaTeX package (lasy symbols)
\symlasy=\mathgroup7
LaTeX Font Info:    Overwriting symbol font `lasy' in version `bold'
(Font)                  U/lasy/m/n --> U/lasy/b/n on input line 52.
)
(/usr/local/texlive/2016/texmf-dist/tex/latex/setspace/setspace.sty
Package: setspace 2011/12/19 v6.7a set line spacing
)
(/usr/local/texlive/2016/texmf-dist/tex/latex/hyperref/hyperref.sty
Package: hyperref 2016/05/05 v6.83n Hypertext links for LaTeX

(/usr/local/texlive/2016/texmf-dist/tex/generic/oberdiek/hobsub-hyperref.sty
Package: hobsub-hyperref 2016/05/16 v1.14 Bundle oberdiek, subset hyperref (HO)


(/usr/local/texlive/2016/texmf-dist/tex/generic/oberdiek/hobsub-generic.sty
Package: hobsub-generic 2016/05/16 v1.14 Bundle oberdiek, subset generic (HO)
Package: hobsub 2016/05/16 v1.14 Construct package bundles (HO)
Package hobsub Info: Skipping package `infwarerr' (already loaded).
Package hobsub Info: Skipping package `ltxcmds' (already loaded).
Package: ifluatex 2016/05/16 v1.4 Provides the ifluatex switch (HO)
Package ifluatex Info: LuaTeX not detected.
Package: ifvtex 2016/05/16 v1.6 Detect VTeX and its facilities (HO)
Package ifvtex Info: VTeX not detected.
Package: intcalc 2016/05/16 v1.2 Expandable calculations with integers (HO)
Package: ifpdf 2016/05/14 v3.1 Provides the ifpdf switch
Package: etexcmds 2016/05/16 v1.6 Avoid name clashes with e-TeX commands (HO)
Package etexcmds Info: Could not find \expanded.
(etexcmds)             That can mean that you are not using pdfTeX 1.50 or
(etexcmds)             that some package has redefined \expanded.
(etexcmds)             In the latter case, load this package earlier.
Package: kvsetkeys 2016/05/16 v1.17 Key value parser (HO)
Package: kvdefinekeys 2016/05/16 v1.4 Define keys (HO)
Package: pdftexcmds 2016/05/10 v0.21 Utility functions of pdfTeX for LuaTeX (HO
)
Package pdftexcmds Info: LuaTeX not detected.
Package pdftexcmds Info: \pdf@primitive is available.
Package pdftexcmds Info: \pdf@ifprimitive is available.
Package pdftexcmds Info: \pdfdraftmode found.
Package: pdfescape 2016/05/16 v1.14 Implements pdfTeX's escape features (HO)
Package: bigintcalc 2016/05/16 v1.4 Expandable calculations on big integers (HO
)
Package: bitset 2016/05/16 v1.2 Handle bit-vector datatype (HO)
Package: uniquecounter 2016/05/16 v1.3 Provide unlimited unique counter (HO)
)
Package hobsub Info: Skipping package `hobsub' (already loaded).
Package: letltxmacro 2016/05/16 v1.5 Let assignment for LaTeX macros (HO)
Package: hopatch 2016/05/16 v1.3 Wrapper for package hooks (HO)
Package: xcolor-patch 2016/05/16 xcolor patch
Package: atveryend 2016/05/16 v1.9 Hooks at the very end of document (HO)
Package atveryend Info: \enddocument detected (standard20110627).
Package: atbegshi 2016/05/16 v1.17 At begin shipout hook (HO)
Package: refcount 2016/05/16 v3.5 Data extraction from label references (HO)
Package: hycolor 2016/05/16 v1.8 Color options for hyperref/bookmark (HO)
)
(/usr/local/texlive/2016/texmf-dist/tex/generic/ifxetex/ifxetex.sty
Package: ifxetex 2010/09/12 v0.6 Provides ifxetex conditional
)
(/usr/local/texlive/2016/texmf-dist/tex/latex/oberdiek/auxhook.sty
Package: auxhook 2016/05/16 v1.4 Hooks for auxiliary files (HO)
)
(/usr/local/texlive/2016/texmf-dist/tex/latex/oberdiek/kvoptions.sty
Package: kvoptions 2016/05/16 v3.12 Key value format for package options (HO)
)
\@linkdim=\dimen119
\Hy@linkcounter=\count100
\Hy@pagecounter=\count101

(/usr/local/texlive/2016/texmf-dist/tex/latex/hyperref/pd1enc.def
File: pd1enc.def 2016/05/05 v6.83n Hyperref: PDFDocEncoding definition (HO)
)
\Hy@SavedSpaceFactor=\count102

(/usr/local/texlive/2016/texmf-dist/tex/latex/latexconfig/hyperref.cfg
File: hyperref.cfg 2002/06/06 v1.2 hyperref configuration of TeXLive
)
Package hyperref Info: Option `colorlinks' set `true' on input line 4322.
Package hyperref Info: Hyper figures OFF on input line 4446.
Package hyperref Info: Link nesting OFF on input line 4451.
Package hyperref Info: Hyper index ON on input line 4454.
Package hyperref Info: Plain pages OFF on input line 4461.
Package hyperref Info: Backreferencing OFF on input line 4466.
Package hyperref Info: Implicit mode ON; LaTeX internals redefined.
Package hyperref Info: Bookmarks ON on input line 4691.
\c@Hy@tempcnt=\count103

(/usr/local/texlive/2016/texmf-dist/tex/latex/url/url.sty
\Urlmuskip=\muskip11
Package: url 2013/09/16  ver 3.4  Verb mode for urls, etc.
)
LaTeX Info: Redefining \url on input line 5044.
\XeTeXLinkMargin=\dimen120
\Fld@menulength=\count104
\Field@Width=\dimen121
\Fld@charsize=\dimen122
Package hyperref Info: Hyper figures OFF on input line 6298.
Package hyperref Info: Link nesting OFF on input line 6303.
Package hyperref Info: Hyper index ON on input line 6306.
Package hyperref Info: backreferencing OFF on input line 6313.
Package hyperref Info: Link coloring ON on input line 6316.
Package hyperref Info: Link coloring with OCG OFF on input line 6323.
Package hyperref Info: PDF/A mode OFF on input line 6328.
LaTeX Info: Redefining \ref on input line 6368.
LaTeX Info: Redefining \pageref on input line 6372.
\Hy@abspage=\count105
\c@Item=\count106
\c@Hfootnote=\count107
)

Package hyperref Message: Driver (autodetected): hpdftex.

(/usr/local/texlive/2016/texmf-dist/tex/latex/hyperref/hpdftex.def
File: hpdftex.def 2016/05/05 v6.83n Hyperref driver for pdfTeX
\Fld@listcount=\count108
\c@bookmark@seq@number=\count109

(/usr/local/texlive/2016/texmf-dist/tex/latex/oberdiek/rerunfilecheck.sty
Package: rerunfilecheck 2016/05/16 v1.8 Rerun checks for auxiliary files (HO)
Package uniquecounter Info: New unique counter `rerunfilecheck' on input line 2
82.
)
\Hy@SectionHShift=\skip50
)
(/usr/local/texlive/2016/texmf-dist/tex/latex/tools/xspace.sty
Package: xspace 2014/10/28 v1.13 Space after command names (DPC,MH)
)
(/usr/local/texlive/2016/texmf-dist/tex/latex/subfigure/subfigure.sty
Package: subfigure 2002/03/15 v2.1.5 subfigure package
\subfigtopskip=\skip51
\subfigcapskip=\skip52
\subfigcaptopadj=\dimen123
\subfigbottomskip=\skip53
\subfigcapmargin=\dimen124
\subfiglabelskip=\skip54
\c@subfigure=\count110
\c@lofdepth=\count111
\c@subtable=\count112
\c@lotdepth=\count113

****************************************
* Local config file subfigure.cfg used *
****************************************
(/usr/local/texlive/2016/texmf-dist/tex/latex/subfigure/subfigure.cfg)
\subfig@top=\skip55
\subfig@bottom=\skip56
)
(/usr/local/texlive/2016/texmf-dist/tex/latex/lineno/lineno.sty
Package: lineno 2005/11/02 line numbers on paragraphs v4.41
\linenopenalty=\count114
\output=\toks27
\linenoprevgraf=\count115
\linenumbersep=\dimen125
\linenumberwidth=\dimen126
\c@linenumber=\count116
\c@pagewiselinenumber=\count117
\c@LN@truepage=\count118
\c@internallinenumber=\count119
\c@internallinenumbers=\count120
\quotelinenumbersep=\dimen127
\bframerule=\dimen128
\bframesep=\dimen129
\bframebox=\box28
LaTeX Info: Redefining \\ on input line 3056.
)
(/usr/local/texlive/2016/texmf-dist/tex/latex/fancyhdr/fancyhdr.sty
\fancy@headwidth=\skip57
\f@ncyO@elh=\skip58
\f@ncyO@erh=\skip59
\f@ncyO@olh=\skip60
\f@ncyO@orh=\skip61
\f@ncyO@elf=\skip62
\f@ncyO@erf=\skip63
\f@ncyO@olf=\skip64
\f@ncyO@orf=\skip65
)
(/usr/local/texlive/2016/texmf-dist/tex/generic/babel/babel.sty
Package: babel 2016/04/23 3.9r The Babel package

(/usr/local/texlive/2016/texmf-dist/tex/generic/babel-english/english.ldf
Language: english 2012/08/20 v3.3p English support from the babel system

(/usr/local/texlive/2016/texmf-dist/tex/generic/babel/babel.def
File: babel.def 2016/04/23 3.9r Babel common definitions
\babel@savecnt=\count121
\U@D=\dimen130
)
\l@canadian = a dialect from \language\l@american 
\l@australian = a dialect from \language\l@british 
\l@newzealand = a dialect from \language\l@british 
))
(/usr/local/texlive/2016/texmf-dist/tex/generic/ulem/ulem.sty
\UL@box=\box29
\UL@hyphenbox=\box30
\UL@skip=\skip66
\UL@hook=\toks28
\UL@height=\dimen131
\UL@pe=\count122
\UL@pixel=\dimen132
\ULC@box=\box31
Package: ulem 2012/05/18
\ULdepth=\dimen133
)
(/usr/local/texlive/2016/texmf-dist/tex/latex/pgf/frontendlayer/tikz.sty
(/usr/local/texlive/2016/texmf-dist/tex/latex/pgf/basiclayer/pgf.sty
(/usr/local/texlive/2016/texmf-dist/tex/latex/pgf/utilities/pgfrcs.sty
(/usr/local/texlive/2016/texmf-dist/tex/generic/pgf/utilities/pgfutil-common.te
x
\pgfutil@everybye=\toks29
\pgfutil@tempdima=\dimen134
\pgfutil@tempdimb=\dimen135

(/usr/local/texlive/2016/texmf-dist/tex/generic/pgf/utilities/pgfutil-common-li
sts.tex))
(/usr/local/texlive/2016/texmf-dist/tex/generic/pgf/utilities/pgfutil-latex.def
\pgfutil@abb=\box32
(/usr/local/texlive/2016/texmf-dist/tex/latex/ms/everyshi.sty
Package: everyshi 2001/05/15 v3.00 EveryShipout Package (MS)
))
(/usr/local/texlive/2016/texmf-dist/tex/generic/pgf/utilities/pgfrcs.code.tex
Package: pgfrcs 2015/08/07 v3.0.1a (rcs-revision 1.31)
))
Package: pgf 2015/08/07 v3.0.1a (rcs-revision 1.15)
(/usr/local/texlive/2016/texmf-dist/tex/latex/pgf/basiclayer/pgfcore.sty
(/usr/local/texlive/2016/texmf-dist/tex/latex/pgf/systemlayer/pgfsys.sty
(/usr/local/texlive/2016/texmf-dist/tex/generic/pgf/systemlayer/pgfsys.code.tex
Package: pgfsys 2014/07/09 v3.0.1a (rcs-revision 1.48)
(/usr/local/texlive/2016/texmf-dist/tex/generic/pgf/utilities/pgfkeys.code.tex
\pgfkeys@pathtoks=\toks30
\pgfkeys@temptoks=\toks31

(/usr/local/texlive/2016/texmf-dist/tex/generic/pgf/utilities/pgfkeysfiltered.c
ode.tex
\pgfkeys@tmptoks=\toks32
))
\pgf@x=\dimen136
\pgf@y=\dimen137
\pgf@xa=\dimen138
\pgf@ya=\dimen139
\pgf@xb=\dimen140
\pgf@yb=\dimen141
\pgf@xc=\dimen142
\pgf@yc=\dimen143
\w@pgf@writea=\write3
\r@pgf@reada=\read1
\c@pgf@counta=\count123
\c@pgf@countb=\count124
\c@pgf@countc=\count125
\c@pgf@countd=\count126
\t@pgf@toka=\toks33
\t@pgf@tokb=\toks34
\t@pgf@tokc=\toks35

(/usr/local/texlive/2016/texmf-dist/tex/generic/pgf/systemlayer/pgf.cfg
File: pgf.cfg 2008/05/14  (rcs-revision 1.7)
)
Driver file for pgf: pgfsys-pdftex.def

(/usr/local/texlive/2016/texmf-dist/tex/generic/pgf/systemlayer/pgfsys-pdftex.d
ef
File: pgfsys-pdftex.def 2014/10/11  (rcs-revision 1.35)

(/usr/local/texlive/2016/texmf-dist/tex/generic/pgf/systemlayer/pgfsys-common-p
df.def
File: pgfsys-common-pdf.def 2013/10/10  (rcs-revision 1.13)
)))
(/usr/local/texlive/2016/texmf-dist/tex/generic/pgf/systemlayer/pgfsyssoftpath.
code.tex
File: pgfsyssoftpath.code.tex 2013/09/09  (rcs-revision 1.9)
\pgfsyssoftpath@smallbuffer@items=\count127
\pgfsyssoftpath@bigbuffer@items=\count128
)
(/usr/local/texlive/2016/texmf-dist/tex/generic/pgf/systemlayer/pgfsysprotocol.
code.tex
File: pgfsysprotocol.code.tex 2006/10/16  (rcs-revision 1.4)
)) (/usr/local/texlive/2016/texmf-dist/tex/latex/xcolor/xcolor.sty
Package: xcolor 2016/05/11 v2.12 LaTeX color extensions (UK)

(/usr/local/texlive/2016/texmf-dist/tex/latex/graphics-cfg/color.cfg
File: color.cfg 2016/01/02 v1.6 sample color configuration
)
Package xcolor Info: Driver file: pdftex.def on input line 225.
LaTeX Info: Redefining \color on input line 709.
Package xcolor Info: Model `cmy' substituted by `cmy0' on input line 1348.
Package xcolor Info: Model `hsb' substituted by `rgb' on input line 1352.
Package xcolor Info: Model `RGB' extended on input line 1364.
Package xcolor Info: Model `HTML' substituted by `rgb' on input line 1366.
Package xcolor Info: Model `Hsb' substituted by `hsb' on input line 1367.
Package xcolor Info: Model `tHsb' substituted by `hsb' on input line 1368.
Package xcolor Info: Model `HSB' substituted by `hsb' on input line 1369.
Package xcolor Info: Model `Gray' substituted by `gray' on input line 1370.
Package xcolor Info: Model `wave' substituted by `hsb' on input line 1371.
)
(/usr/local/texlive/2016/texmf-dist/tex/generic/pgf/basiclayer/pgfcore.code.tex
Package: pgfcore 2010/04/11 v3.0.1a (rcs-revision 1.7)
(/usr/local/texlive/2016/texmf-dist/tex/generic/pgf/math/pgfmath.code.tex
(/usr/local/texlive/2016/texmf-dist/tex/generic/pgf/math/pgfmathcalc.code.tex
(/usr/local/texlive/2016/texmf-dist/tex/generic/pgf/math/pgfmathutil.code.tex)
(/usr/local/texlive/2016/texmf-dist/tex/generic/pgf/math/pgfmathparser.code.tex
\pgfmath@dimen=\dimen144
\pgfmath@count=\count129
\pgfmath@box=\box33
\pgfmath@toks=\toks36
\pgfmath@stack@operand=\toks37
\pgfmath@stack@operation=\toks38
)
(/usr/local/texlive/2016/texmf-dist/tex/generic/pgf/math/pgfmathfunctions.code.
tex
(/usr/local/texlive/2016/texmf-dist/tex/generic/pgf/math/pgfmathfunctions.basic
.code.tex)
(/usr/local/texlive/2016/texmf-dist/tex/generic/pgf/math/pgfmathfunctions.trigo
nometric.code.tex)
(/usr/local/texlive/2016/texmf-dist/tex/generic/pgf/math/pgfmathfunctions.rando
m.code.tex)
(/usr/local/texlive/2016/texmf-dist/tex/generic/pgf/math/pgfmathfunctions.compa
rison.code.tex)
(/usr/local/texlive/2016/texmf-dist/tex/generic/pgf/math/pgfmathfunctions.base.
code.tex)
(/usr/local/texlive/2016/texmf-dist/tex/generic/pgf/math/pgfmathfunctions.round
.code.tex)
(/usr/local/texlive/2016/texmf-dist/tex/generic/pgf/math/pgfmathfunctions.misc.
code.tex)
(/usr/local/texlive/2016/texmf-dist/tex/generic/pgf/math/pgfmathfunctions.integ
erarithmetics.code.tex)))
(/usr/local/texlive/2016/texmf-dist/tex/generic/pgf/math/pgfmathfloat.code.tex
\c@pgfmathroundto@lastzeros=\count130
))
(/usr/local/texlive/2016/texmf-dist/tex/generic/pgf/basiclayer/pgfcorepoints.co
de.tex
File: pgfcorepoints.code.tex 2013/10/07  (rcs-revision 1.27)
\pgf@picminx=\dimen145
\pgf@picmaxx=\dimen146
\pgf@picminy=\dimen147
\pgf@picmaxy=\dimen148
\pgf@pathminx=\dimen149
\pgf@pathmaxx=\dimen150
\pgf@pathminy=\dimen151
\pgf@pathmaxy=\dimen152
\pgf@xx=\dimen153
\pgf@xy=\dimen154
\pgf@yx=\dimen155
\pgf@yy=\dimen156
\pgf@zx=\dimen157
\pgf@zy=\dimen158
)
(/usr/local/texlive/2016/texmf-dist/tex/generic/pgf/basiclayer/pgfcorepathconst
ruct.code.tex
File: pgfcorepathconstruct.code.tex 2013/10/07  (rcs-revision 1.29)
\pgf@path@lastx=\dimen159
\pgf@path@lasty=\dimen160
)
(/usr/local/texlive/2016/texmf-dist/tex/generic/pgf/basiclayer/pgfcorepathusage
.code.tex
File: pgfcorepathusage.code.tex 2014/11/02  (rcs-revision 1.24)
\pgf@shorten@end@additional=\dimen161
\pgf@shorten@start@additional=\dimen162
)
(/usr/local/texlive/2016/texmf-dist/tex/generic/pgf/basiclayer/pgfcorescopes.co
de.tex
File: pgfcorescopes.code.tex 2015/05/08  (rcs-revision 1.46)
\pgfpic=\box34
\pgf@hbox=\box35
\pgf@layerbox@main=\box36
\pgf@picture@serial@count=\count131
)
(/usr/local/texlive/2016/texmf-dist/tex/generic/pgf/basiclayer/pgfcoregraphicst
ate.code.tex
File: pgfcoregraphicstate.code.tex 2014/11/02  (rcs-revision 1.12)
\pgflinewidth=\dimen163
)
(/usr/local/texlive/2016/texmf-dist/tex/generic/pgf/basiclayer/pgfcoretransform
ations.code.tex
File: pgfcoretransformations.code.tex 2015/08/07  (rcs-revision 1.20)
\pgf@pt@x=\dimen164
\pgf@pt@y=\dimen165
\pgf@pt@temp=\dimen166
)
(/usr/local/texlive/2016/texmf-dist/tex/generic/pgf/basiclayer/pgfcorequick.cod
e.tex
File: pgfcorequick.code.tex 2008/10/09  (rcs-revision 1.3)
)
(/usr/local/texlive/2016/texmf-dist/tex/generic/pgf/basiclayer/pgfcoreobjects.c
ode.tex
File: pgfcoreobjects.code.tex 2006/10/11  (rcs-revision 1.2)
)
(/usr/local/texlive/2016/texmf-dist/tex/generic/pgf/basiclayer/pgfcorepathproce
ssing.code.tex
File: pgfcorepathprocessing.code.tex 2013/09/09  (rcs-revision 1.9)
)
(/usr/local/texlive/2016/texmf-dist/tex/generic/pgf/basiclayer/pgfcorearrows.co
de.tex
File: pgfcorearrows.code.tex 2015/05/14  (rcs-revision 1.43)
\pgfarrowsep=\dimen167
)
(/usr/local/texlive/2016/texmf-dist/tex/generic/pgf/basiclayer/pgfcoreshade.cod
e.tex
File: pgfcoreshade.code.tex 2013/07/15  (rcs-revision 1.15)
\pgf@max=\dimen168
\pgf@sys@shading@range@num=\count132
)
(/usr/local/texlive/2016/texmf-dist/tex/generic/pgf/basiclayer/pgfcoreimage.cod
e.tex
File: pgfcoreimage.code.tex 2013/07/15  (rcs-revision 1.18)

(/usr/local/texlive/2016/texmf-dist/tex/generic/pgf/basiclayer/pgfcoreexternal.
code.tex
File: pgfcoreexternal.code.tex 2014/07/09  (rcs-revision 1.21)
\pgfexternal@startupbox=\box37
))
(/usr/local/texlive/2016/texmf-dist/tex/generic/pgf/basiclayer/pgfcorelayers.co
de.tex
File: pgfcorelayers.code.tex 2013/07/18  (rcs-revision 1.7)
)
(/usr/local/texlive/2016/texmf-dist/tex/generic/pgf/basiclayer/pgfcoretranspare
ncy.code.tex
File: pgfcoretransparency.code.tex 2013/09/30  (rcs-revision 1.5)
)
(/usr/local/texlive/2016/texmf-dist/tex/generic/pgf/basiclayer/pgfcorepatterns.
code.tex
File: pgfcorepatterns.code.tex 2013/11/07  (rcs-revision 1.5)
)))
(/usr/local/texlive/2016/texmf-dist/tex/generic/pgf/modules/pgfmoduleshapes.cod
e.tex
File: pgfmoduleshapes.code.tex 2014/03/21  (rcs-revision 1.35)
\pgfnodeparttextbox=\box38
)
(/usr/local/texlive/2016/texmf-dist/tex/generic/pgf/modules/pgfmoduleplot.code.
tex
File: pgfmoduleplot.code.tex 2015/08/03  (rcs-revision 1.13)
)
(/usr/local/texlive/2016/texmf-dist/tex/latex/pgf/compatibility/pgfcomp-version
-0-65.sty
Package: pgfcomp-version-0-65 2007/07/03 v3.0.1a (rcs-revision 1.7)
\pgf@nodesepstart=\dimen169
\pgf@nodesepend=\dimen170
)
(/usr/local/texlive/2016/texmf-dist/tex/latex/pgf/compatibility/pgfcomp-version
-1-18.sty
Package: pgfcomp-version-1-18 2007/07/23 v3.0.1a (rcs-revision 1.1)
))
(/usr/local/texlive/2016/texmf-dist/tex/latex/pgf/utilities/pgffor.sty
(/usr/local/texlive/2016/texmf-dist/tex/latex/pgf/utilities/pgfkeys.sty
(/usr/local/texlive/2016/texmf-dist/tex/generic/pgf/utilities/pgfkeys.code.tex)
) (/usr/local/texlive/2016/texmf-dist/tex/latex/pgf/math/pgfmath.sty
(/usr/local/texlive/2016/texmf-dist/tex/generic/pgf/math/pgfmath.code.tex))
(/usr/local/texlive/2016/texmf-dist/tex/generic/pgf/utilities/pgffor.code.tex
Package: pgffor 2013/12/13 v3.0.1a (rcs-revision 1.25)

(/usr/local/texlive/2016/texmf-dist/tex/generic/pgf/math/pgfmath.code.tex)
\pgffor@iter=\dimen171
\pgffor@skip=\dimen172
\pgffor@stack=\toks39
\pgffor@toks=\toks40
))
(/usr/local/texlive/2016/texmf-dist/tex/generic/pgf/frontendlayer/tikz/tikz.cod
e.tex
Package: tikz 2015/08/07 v3.0.1a (rcs-revision 1.151)

(/usr/local/texlive/2016/texmf-dist/tex/generic/pgf/libraries/pgflibraryplothan
dlers.code.tex
File: pgflibraryplothandlers.code.tex 2013/08/31 v3.0.1a (rcs-revision 1.20)
\pgf@plot@mark@count=\count133
\pgfplotmarksize=\dimen173
)
\tikz@lastx=\dimen174
\tikz@lasty=\dimen175
\tikz@lastxsaved=\dimen176
\tikz@lastysaved=\dimen177
\tikzleveldistance=\dimen178
\tikzsiblingdistance=\dimen179
\tikz@figbox=\box39
\tikz@figbox@bg=\box40
\tikz@tempbox=\box41
\tikz@tempbox@bg=\box42
\tikztreelevel=\count134
\tikznumberofchildren=\count135
\tikznumberofcurrentchild=\count136
\tikz@fig@count=\count137

(/usr/local/texlive/2016/texmf-dist/tex/generic/pgf/modules/pgfmodulematrix.cod
e.tex
File: pgfmodulematrix.code.tex 2013/09/17  (rcs-revision 1.8)
\pgfmatrixcurrentrow=\count138
\pgfmatrixcurrentcolumn=\count139
\pgf@matrix@numberofcolumns=\count140
)
\tikz@expandcount=\count141

(/usr/local/texlive/2016/texmf-dist/tex/generic/pgf/frontendlayer/tikz/librarie
s/tikzlibrarytopaths.code.tex
File: tikzlibrarytopaths.code.tex 2008/06/17 v3.0.1a (rcs-revision 1.2)
)))
(/usr/local/texlive/2016/texmf-dist/tex/latex/caption/caption.sty
Package: caption 2016/02/21 v3.3-144 Customizing captions (AR)

(/usr/local/texlive/2016/texmf-dist/tex/latex/caption/caption3.sty
Package: caption3 2016/02/04 v1.7-139 caption3 kernel (AR)
Package caption3 Info: TeX engine: e-TeX on input line 67.
\captionmargin=\dimen180
\captionmargin@=\dimen181
\captionwidth=\dimen182
\caption@tempdima=\dimen183
\caption@indent=\dimen184
\caption@parindent=\dimen185
\caption@hangindent=\dimen186
)
\c@ContinuedFloat=\count142
Package caption Info: hyperref package is loaded.
Package caption Info: subfigure package is loaded.
)
(/usr/local/texlive/2016/texmf-dist/tex/latex/placeins/placeins.sty
Package: placeins 2005/04/18  v 2.2
)
\c@theorem=\count143
\c@remark=\count144
)
(/usr/local/texlive/2016/texmf-dist/tex/generic/pgf/frontendlayer/tikz/librarie
s/tikzlibraryshapes.geometric.code.tex
File: tikzlibraryshapes.geometric.code.tex 2008/01/09 v3.0.1a (rcs-revision 1.1
)

(/usr/local/texlive/2016/texmf-dist/tex/generic/pgf/libraries/shapes/pgflibrary
shapes.geometric.code.tex
File: pgflibraryshapes.geometric.code.tex 2008/06/26 v3.0.1a (rcs-revision 1.1)

))
(/usr/local/texlive/2016/texmf-dist/tex/generic/pgf/frontendlayer/tikz/librarie
s/tikzlibraryarrows.code.tex
File: tikzlibraryarrows.code.tex 2008/01/09 v3.0.1a (rcs-revision 1.1)

(/usr/local/texlive/2016/texmf-dist/tex/generic/pgf/libraries/pgflibraryarrows.
code.tex
File: pgflibraryarrows.code.tex 2013/09/23 v3.0.1a (rcs-revision 1.16)
\arrowsize=\dimen187
)) (/usr/local/texlive/2016/texmf-dist/tex/latex/lastpage/lastpage.sty
Package: lastpage 2015/03/29 v1.2m Refers to last page's name (HMM; JPG)
) (/usr/local/texlive/2016/texmf-dist/tex/latex/upquote/upquote.sty
Package: upquote 2012/04/19 v1.3 upright-quote and grave-accent glyphs in verba
tim
)
(./Math4MB3Assignment4KnitRTemplate2017.aux)
\openout1 = `Math4MB3Assignment4KnitRTemplate2017.aux'.

LaTeX Font Info:    Checking defaults for OML/cmm/m/it on input line 81.
LaTeX Font Info:    ... okay on input line 81.
LaTeX Font Info:    Checking defaults for T1/cmr/m/n on input line 81.
LaTeX Font Info:    ... okay on input line 81.
LaTeX Font Info:    Checking defaults for OT1/cmr/m/n on input line 81.
LaTeX Font Info:    ... okay on input line 81.
LaTeX Font Info:    Checking defaults for OMS/cmsy/m/n on input line 81.
LaTeX Font Info:    ... okay on input line 81.
LaTeX Font Info:    Checking defaults for OMX/cmex/m/n on input line 81.
LaTeX Font Info:    ... okay on input line 81.
LaTeX Font Info:    Checking defaults for U/cmr/m/n on input line 81.
LaTeX Font Info:    ... okay on input line 81.
LaTeX Font Info:    Checking defaults for PD1/pdf/m/n on input line 81.
LaTeX Font Info:    ... okay on input line 81.

(/usr/local/texlive/2016/texmf-dist/tex/context/base/mkii/supp-pdf.mkii
[Loading MPS to PDF converter (version 2006.09.02).]
\scratchcounter=\count145
\scratchdimen=\dimen188
\scratchbox=\box43
\nofMPsegments=\count146
\nofMParguments=\count147
\everyMPshowfont=\toks41
\MPscratchCnt=\count148
\MPscratchDim=\dimen189
\MPnumerator=\count149
\makeMPintoPDFobject=\count150
\everyMPtoPDFconversion=\toks42
) (/usr/local/texlive/2016/texmf-dist/tex/latex/oberdiek/epstopdf-base.sty
Package: epstopdf-base 2016/05/15 v2.6 Base part for package epstopdf

(/usr/local/texlive/2016/texmf-dist/tex/latex/oberdiek/grfext.sty
Package: grfext 2016/05/16 v1.2 Manage graphics extensions (HO)
)
Package grfext Info: Graphics extension search list:
(grfext)             [.png,.pdf,.jpg,.mps,.jpeg,.jbig2,.jb2,.PNG,.PDF,.JPG,.JPE
G,.JBIG2,.JB2,.eps]
(grfext)             \AppendGraphicsExtensions on input line 456.

(/usr/local/texlive/2016/texmf-dist/tex/latex/latexconfig/epstopdf-sys.cfg
File: epstopdf-sys.cfg 2010/07/13 v1.3 Configuration of (r)epstopdf for TeX Liv
e
))
\AtBeginShipoutBox=\box44
Package hyperref Info: Link coloring ON on input line 81.

(/usr/local/texlive/2016/texmf-dist/tex/latex/hyperref/nameref.sty
Package: nameref 2012/10/27 v2.43 Cross-referencing by name of section

(/usr/local/texlive/2016/texmf-dist/tex/generic/oberdiek/gettitlestring.sty
Package: gettitlestring 2016/05/16 v1.5 Cleanup title references (HO)
)
\c@section@level=\count151
)
LaTeX Info: Redefining \ref on input line 81.
LaTeX Info: Redefining \pageref on input line 81.
LaTeX Info: Redefining \nameref on input line 81.

(./Math4MB3Assignment4KnitRTemplate2017.out)
(./Math4MB3Assignment4KnitRTemplate2017.out)
\@outlinefile=\write4
\openout4 = `Math4MB3Assignment4KnitRTemplate2017.out'.


ABD: EveryShipout initializing macros
Package caption Info: Begin \AtBeginDocument code.
Package caption Info: End \AtBeginDocument code.
Package lastpage Info: Please have a look at the pageslts package at
(lastpage)             https://www.ctan.org/pkg/pageslts
(lastpage)             ! on input line 81.
LaTeX Font Info:    Try loading font information for U+msa on input line 88.

(/usr/local/texlive/2016/texmf-dist/tex/latex/amsfonts/umsa.fd
File: umsa.fd 2013/01/14 v3.01 AMS symbols A
)
LaTeX Font Info:    Try loading font information for U+msb on input line 88.

(/usr/local/texlive/2016/texmf-dist/tex/latex/amsfonts/umsb.fd
File: umsb.fd 2013/01/14 v3.01 AMS symbols B
)
LaTeX Font Info:    Try loading font information for U+wasy on input line 88.

(/usr/local/texlive/2016/texmf-dist/tex/latex/wasysym/uwasy.fd
File: uwasy.fd 2003/10/30 v2.0 Wasy-2 symbol font definitions
)
LaTeX Font Info:    Try loading font information for U+lasy on input line 88.

(/usr/local/texlive/2016/texmf-dist/tex/latex/base/ulasy.fd
File: ulasy.fd 1998/08/17 v2.2e LaTeX symbol font definitions
)
<images/Rlogo.pdf, id=19, 101.37875pt x 77.28876pt>
File: images/Rlogo.pdf Graphic file (type pdf)
 <use images/Rlogo.pdf>
Package pdftex.def Info: images/Rlogo.pdf used on input line 109.
(pdftex.def)             Requested size: 13.55405pt x 10.33334pt.
File: images/Rlogo.pdf Graphic file (type pdf)

<use images/Rlogo.pdf>
Package pdftex.def Info: images/Rlogo.pdf used on input line 115.
(pdftex.def)             Requested size: 13.55405pt x 10.33334pt.


Package xcolor Warning: Incompatible color definition on input line 123.

LaTeX Font Info:    Font shape `OT1/cmtt/bx/n' in size <12> not available
(Font)              Font shape `OT1/cmtt/m/n' tried instead on input line 125.
LaTeX Font Info:    Try loading font information for OMS+cmtt on input line 125
.
(/Library/Frameworks/R.framework/Resources/share/texmf/tex/latex/omscmtt.fd
File: omscmtt.fd 
)
LaTeX Font Info:    Font shape `OMS/cmtt/m/n' in size <12> not available
(Font)              Font shape `OMS/cmsy/m/n' tried instead on input line 125.

Overfull \hbox (307.52681pt too wide) in paragraph at lines 129--129
[]  []\OT1/cmtt/m/n/12 ymdcdata[][]$[][]date[] []<-[] []as.Date[][]([][]paste[]
[]([][]as.character[][](data[][]$[][]year),[] []as.character[][](data[][]$[][]m
onth),[][]as.character[][](data[][]$[][]day),[] []sep[] []=[] []"-"[][]))[][] 
 []

[1

{/usr/local/texlive/2016/texmf-var/fonts/map/pdftex/updmap/pdftex.map} <./image
s/Rlogo.pdf>]

Package xcolor Warning: Incompatible color definition on input line 159.


Overfull \hbox (99.47707pt too wide) in paragraph at lines 161--161
[][]\OT1/cmtt/m/n/12 time.plot[] []<-[] []function[][]([][]ymdcdata[][],[] []ma
.smooth[][]=[][]FALSE[][],[] []sides[] []=[] []1[][],[] []add[][]=[][]FALSE[][]
,[] []...[][])\OMS/cmsy/m/n/12 f[][] 
 []


Overfull \hbox (4.95166pt too wide) in paragraph at lines 163--163
[]        []\OT1/cmtt/m/n/12 warning[][]([][]"^^Madd^^M will be ignored as ther
e is no existing plot"[][])[][] 
 []

File: images/Rlogo.pdf Graphic file (type pdf)
<use images/Rlogo.pdf>
Package pdftex.def Info: images/Rlogo.pdf used on input line 194.
(pdftex.def)             Requested size: 13.55405pt x 10.33334pt.


Package xcolor Warning: Incompatible color definition on input line 201.


Package xcolor Warning: Incompatible color definition on input line 215.


Overfull \hbox (127.30933pt too wide) in paragraph at lines 217--217
[][]\OT1/cmtt/m/n/12 periodogram[] []<-[] []function[][]([][]ymdcdata[][],[] []
timerange[][]=[][]1[][]:[][]length[][](ymdcdata[][]$[][]date),[] []add[][]=[][]
FALSE[][],[] []...[][])\OMS/cmsy/m/n/12 f[][] 
 []

[2]

Package xcolor Warning: Incompatible color definition on input line 258.


Overfull \hbox (495.90915pt too wide) in paragraph at lines 262--262
[][]\OT1/cmtt/m/n/12 time.plot[][](lon.data,[] []ma.smooth[][]=[][]FALSE[][],[]
 []add[][]=[][]FALSE[][],[] []type[][]=[][]"l"[][],[] []xlab[][]=[][]"Date"[][]
,[] []ylab[][]=[][]"Cases"[][],[] []main[][]=[][]"Weekly Cases of Measles in Lo
ndon, England"[][],[][]bty[][]=[][]"l"[][],[][]col[][]=[][]"red"[][])[][] 
 []


Overfull \hbox (236.55902pt too wide) in paragraph at lines 263--263
[][]\OT1/cmtt/m/n/12 periodogram[][](lon.data,[] []add[][]=[][]FALSE[][],[] []t
ype[][]=[][]"l"[][],[] []xlab[][]=[][]"Years"[][],[] []ylab[][]=[][]""[][],[] [
]main[][]=[][]"Period Periodogram"[][],[][]bty[][]=[][]"l"[][],[][]col[][]=[][]
"blue"[][])[][] 
 []

<figure/measlesplots-1.pdf, id=48, 505.89pt x 505.89pt>
File: figure/measlesplots-1.pdf Graphic file (type pdf)

<use figure/measlesplots-1.pdf>
Package pdftex.def Info: figure/measlesplots-1.pdf used on input line 266.
(pdftex.def)             Requested size: 448.86632pt x 448.87436pt.
 [3]
Overfull \hbox (526.78416pt too wide) in paragraph at lines 270--270
[][]\OT1/cmtt/m/n/12 time.plot[][](lpl.data,[] []ma.smooth[][]=[][]FALSE[][],[]
 []add[][]=[][]FALSE[][],[] []type[][]=[][]"l"[][],[] []xlab[][]=[][]"Date"[][]
,[] []ylab[][]=[][]"Cases"[][],[] []main[][]=[][]"Weekly Cases of Measles in Li
verpool, England"[][],[] []bty[][]=[][]"l"[][],[] []col[][]=[][]"red"[][])[][] 

 []


Overfull \hbox (236.55902pt too wide) in paragraph at lines 271--271
[][]\OT1/cmtt/m/n/12 periodogram[][](lpl.data,[] []add[][]=[][]FALSE[][],[] []t
ype[][]=[][]"l"[][],[] []xlab[][]=[][]"Years"[][],[] []ylab[][]=[][]""[][],[] [
]main[][]=[][]"Period Periodogram"[][],[][]bty[][]=[][]"l"[][],[][]col[][]=[][]
"blue"[][])[][] 
 []

<figure/measlesplots-2.pdf, id=55, 505.89pt x 505.89pt>
File: figure/measlesplots-2.pdf Graphic file (type pdf)

<use figure/measlesplots-2.pdf>
Package pdftex.def Info: figure/measlesplots-2.pdf used on input line 274.
(pdftex.def)             Requested size: 448.86632pt x 448.87436pt.
 [4 <./figure/measlesplots-1.pdf>]
File: images/Rlogo.pdf Graphic file (type pdf)

<use images/Rlogo.pdf>
Package pdftex.def Info: images/Rlogo.pdf used on input line 297.
(pdftex.def)             Requested size: 13.55405pt x 10.33334pt.
 [5 <./figure/measlesplots-2.pdf>]

Package xcolor Warning: Incompatible color definition on input line 318.


Overfull \hbox (125.40897pt too wide) in paragraph at lines 328--328
[]      []\OT1/cmtt/m/n/12 timeseries[] []<-[] []rbind[][](timeseries,[] []c[][
](timeseries[index,[][]1[][]][][]+[][]timestep, timeseries[index,[][]2[][]][][]
+[][]1[][]))[][] 
 []


Overfull \hbox (125.40897pt too wide) in paragraph at lines 330--330
[]      []\OT1/cmtt/m/n/12 timeseries[] []<-[] []rbind[][](timeseries,[] []c[][
](timeseries[index,[][]1[][]][][]+[][]timestep[][]*[][]3[][], timeseries[index,
[][]2[][]]))[][] 
 []


Package xcolor Warning: Incompatible color definition on input line 351.

[6]

Package xcolor Warning: Incompatible color definition on input line 367.


Package xcolor Warning: Incompatible color definition on input line 382.


Overfull \hbox (205.33403pt too wide) in paragraph at lines 392--392
[]  []\OT1/cmtt/m/n/12 plot[][]([][]0[][],[][]0[][],[][]xlim[][]=[][]c[][]([][]
0[][],tmax),[][]ylim[][]=[][]c[][]([][]0[][],N[j][][]+[][]1[][]),[][]xlab[][]=[
][]"Time"[][],[] []ylab[][]=[][]"Prevalence (I)"[][],[] []main[][]=[][]paste[][
]([][]"$\OMS/cmsy/m/n/12 nn\OT1/cmtt/m/n/12 N ="[][], N[j]))[][] 
 []


Overfull \hbox (16.03937pt too wide) in paragraph at lines 397--397
[]            []\OT1/cmtt/m/n/12 col[][]=line[i[][]+[][]1[][]])[] []\OT1/cmtt/m
/it/12 # use a different line colour for each solution[][] 
 []


Package hyperref Warning: Token not allowed in a PDF string (PDFDocEncoding):
(hyperref)                removing `math shift' on input line 413.


Package hyperref Warning: Token not allowed in a PDF string (PDFDocEncoding):
(hyperref)                removing `subscript' on input line 413.


Package hyperref Warning: Token not allowed in a PDF string (PDFDocEncoding):
(hyperref)                removing `math shift' on input line 413.

[7] [8]
Overfull \hbox (50.68298pt too wide) in paragraph at lines 472--485
 [] 
 []

[9]
Overfull \hbox (14.18607pt too wide) in paragraph at lines 547--549
\OT1/cmr/m/n/12 The Ja-co-bians of these vec-tors at the dis-ease free equi-lib
-rium, $(\OML/cmm/m/it/12 S[]; I[]; [] ; I[]\OT1/cmr/m/n/12 ) = (1\OML/cmm/m/it
/12 ; \OT1/cmr/m/n/12 0\OML/cmm/m/it/12 ; [] ; \OT1/cmr/m/n/12 0)$,
 []


Overfull \hbox (48.95786pt too wide) detected at line 584
\OML/cmm/m/it/12 V[] \OT1/cmr/m/n/12 = []
 []


Overfull \hbox (37.25346pt too wide) in paragraph at lines 624--624
[] 
 []

[10]

pdfTeX warning: /Library/TeX/texbin/pdflatex (file ./smpxnathist_p82.pdf): PDF 
inclusion: found PDF version <1.6>, but at most version <1.5> allowed
<smpxnathist_p82.pdf, id=135, 401.30928pt x 134.49046pt>
File: smpxnathist_p82.pdf Graphic file (type pdf)

<use smpxnathist_p82.pdf>
Package pdftex.def Info: smpxnathist_p82.pdf used on input line 655.
(pdftex.def)             Requested size: 401.3083pt x 134.49011pt.
 
AED: lastpage setting LastPage
[11 <./smpxnathist_p82.pdf>]
Package atveryend Info: Empty hook `BeforeClearDocument' on input line 669.
Package atveryend Info: Empty hook `AfterLastShipout' on input line 669.
 (./Math4MB3Assignment4KnitRTemplate2017.aux)
Package atveryend Info: Executing hook `AtVeryEndDocument' on input line 669.
Package atveryend Info: Executing hook `AtEndAfterFileList' on input line 669.
Package rerunfilecheck Info: File `Math4MB3Assignment4KnitRTemplate2017.out' ha
s not changed.
(rerunfilecheck)             Checksum: FA48B3EA84F8421403F3FEDBAEE21B10;194.
Package atveryend Info: Empty hook `AtVeryVeryEnd' on input line 669.
 ) 
Here is how much of TeX's memory you used:
 20352 strings out of 493014
 382320 string characters out of 6133351
 469551 words of memory out of 5000000
 23456 multiletter control sequences out of 15000+600000
 14748 words of font info for 60 fonts, out of 8000000 for 9000
 1141 hyphenation exceptions out of 8191
 65i,12n,60p,795b,1082s stack positions out of 5000i,500n,10000p,200000b,80000s
</usr/local/texlive/2016/texmf-dist/fonts/type1/public/amsfonts/cm/cmbx10.pfb
></usr/local/texlive/2016/texmf-dist/fonts/type1/public/amsfonts/cm/cmbx12.pfb>
</usr/local/texlive/2016/texmf-dist/fonts/type1/public/amsfonts/cm/cmex10.pfb><
/usr/local/texlive/2016/texmf-dist/fonts/type1/public/amsfonts/cm/cmitt10.pfb><
/usr/local/texlive/2016/texmf-dist/fonts/type1/public/amsfonts/cm/cmmi12.pfb></
usr/local/texlive/2016/texmf-dist/fonts/type1/public/amsfonts/cm/cmmi6.pfb></us
r/local/texlive/2016/texmf-dist/fonts/type1/public/amsfonts/cm/cmmi8.pfb></usr/
local/texlive/2016/texmf-dist/fonts/type1/public/amsfonts/cm/cmr10.pfb></usr/lo
cal/texlive/2016/texmf-dist/fonts/type1/public/amsfonts/cm/cmr12.pfb></usr/loca
l/texlive/2016/texmf-dist/fonts/type1/public/amsfonts/cm/cmr6.pfb></usr/local/t
exlive/2016/texmf-dist/fonts/type1/public/amsfonts/cm/cmr8.pfb></usr/local/texl
ive/2016/texmf-dist/fonts/type1/public/amsfonts/cm/cmsl12.pfb></usr/local/texli
ve/2016/texmf-dist/fonts/type1/public/amsfonts/cm/cmsy10.pfb></usr/local/texliv
e/2016/texmf-dist/fonts/type1/public/amsfonts/cm/cmsy6.pfb></usr/local/texlive/
2016/texmf-dist/fonts/type1/public/amsfonts/cm/cmsy8.pfb></usr/local/texlive/20
16/texmf-dist/fonts/type1/public/amsfonts/cm/cmti10.pfb></usr/local/texlive/201
6/texmf-dist/fonts/type1/public/amsfonts/cm/cmti12.pfb></usr/local/texlive/2016
/texmf-dist/fonts/type1/public/amsfonts/cm/cmtt12.pfb></usr/local/texlive/2016/
texmf-dist/fonts/type1/urw/times/utmb8a.pfb></usr/local/texlive/2016/texmf-dist
/fonts/type1/urw/times/utmr8a.pfb></usr/local/texlive/2016/texmf-dist/fonts/typ
e1/urw/times/utmri8a.pfb>
Output written on Math4MB3Assignment4KnitRTemplate2017.pdf (11 pages, 418545 by
tes).
PDF statistics:
 257 PDF objects out of 1000 (max. 8388607)
 204 compressed objects within 3 object streams
 42 named destinations out of 1000 (max. 500000)
 57 words of extra memory for PDF output out of 10000 (max. 10000000)

